C:\USERS\TODD\DOCUMENTS\VISUAL STUDIO 2012\PROJECTS\FIND\XENBOT\RELEASE\UNITMAP.OBJ
C:\USERS\TODD\DOCUMENTS\VISUAL STUDIO 2012\PROJECTS\FIND\XENBOT\RELEASE\PLAYER.OBJ
C:\USERS\TODD\DOCUMENTS\VISUAL STUDIO 2012\PROJECTS\FIND\XENBOT\RELEASE\MAIN.OBJ
C:\USERS\TODD\DOCUMENTS\VISUAL STUDIO 2012\PROJECTS\FIND\XENBOT\RELEASE\VC110.PDB
C:\Users\Todd\Documents\Visual Studio 2012\Projects\Find\Release\XenBot.lib
C:\Users\Todd\Documents\Visual Studio 2012\Projects\Find\Release\XenBot.exp
C:\Users\Todd\Documents\Visual Studio 2012\Projects\Find\XenBot\Release\main.obj
C:\Users\Todd\Documents\Visual Studio 2012\Projects\Find\XenBot\Release\Player.obj
C:\Users\Todd\Documents\Visual Studio 2012\Projects\Find\XenBot\Release\UnitMap.obj
C:\Users\Todd\Documents\Visual Studio 2012\Projects\Find\XenBot\Release\cl.command.1.tlog
C:\Users\Todd\Documents\Visual Studio 2012\Projects\Find\XenBot\Release\CL.read.1.tlog
C:\Users\Todd\Documents\Visual Studio 2012\Projects\Find\XenBot\Release\CL.write.1.tlog
C:\Users\Todd\Documents\Visual Studio 2012\Projects\Find\XenBot\Release\link-cvtres.read.1.tlog
C:\Users\Todd\Documents\Visual Studio 2012\Projects\Find\XenBot\Release\link-cvtres.write.1.tlog
C:\Users\Todd\Documents\Visual Studio 2012\Projects\Find\XenBot\Release\link-rc.read.1.tlog
C:\Users\Todd\Documents\Visual Studio 2012\Projects\Find\XenBot\Release\link-rc.write.1.tlog
C:\Users\Todd\Documents\Visual Studio 2012\Projects\Find\XenBot\Release\link.command.1.tlog
C:\Users\Todd\Documents\Visual Studio 2012\Projects\Find\XenBot\Release\link.read.1.tlog
C:\Users\Todd\Documents\Visual Studio 2012\Projects\Find\XenBot\Release\link.write.1.tlog
C:\Users\Todd\Documents\Visual Studio 2012\Projects\Find\XenBot\Release\XenBot.write.1.tlog
C:\Users\Todd\Documents\Visual Studio 2012\Projects\Find\XenBot\Release\vc110.pdb
C:\Users\Todd\Documents\Visual Studio 2012\Projects\Find\Release\XenBot.pdb
